app/build/intermediates/manifest_merge_blame_file/debug/manifest-merger-blame-debug-report.txt
1<?xml version="1.0" encoding="utf-8"?>
2<manifest xmlns:android="http://schemas.android.com/apk/res/android"
3    package="com.warren.wkrcontacts"
4    android:versionCode="1"
5    android:versionName="1.0" >
6
7    <uses-sdk
8        android:minSdkVersion="10"
8-->src/main/AndroidManifest.xml
9        android:targetSdkVersion="13" />
9-->src/main/AndroidManifest.xml
10
11    <uses-permission android:name="android.permission.GET_ACCOUNTS" />
11-->src/main/AndroidManifest.xml:7:5-71
11-->src/main/AndroidManifest.xml:7:22-68
12    <uses-permission android:name="android.permission.READ_CONTACTS" />
12-->src/main/AndroidManifest.xml:8:5-72
12-->src/main/AndroidManifest.xml:8:22-69
13    <uses-permission android:name="android.permission.INTERNET" />
13-->src/main/AndroidManifest.xml:9:5-66
13-->src/main/AndroidManifest.xml:9:22-64
14
15    <application
15-->src/main/AndroidManifest.xml:10:5-29:19
16        android:name="com.warren.wkrcontacts.MyApplication"
16-->src/main/AndroidManifest.xml:14:9-37
17        android:allowBackup="false"
17-->src/main/AndroidManifest.xml:12:9-36
18        android:debuggable="true"
19        android:icon="@drawable/ic_launcher"
19-->src/main/AndroidManifest.xml:11:9-45
20        android:label="@string/app_name" >
20-->src/main/AndroidManifest.xml:13:9-41
21        <activity
21-->src/main/AndroidManifest.xml:15:9-24:20
22            android:name="com.warren.wkrcontacts.WorkerContactsActivityActivity"
22-->src/main/AndroidManifest.xml:17:13-59
23            android:exported="true"
23-->src/main/AndroidManifest.xml:16:13-36
24            android:label="@string/app_name" >
24-->src/main/AndroidManifest.xml:18:13-45
25            <intent-filter>
25-->src/main/AndroidManifest.xml:19:13-23:29
26                <action android:name="android.intent.action.MAIN" />
26-->src/main/AndroidManifest.xml:20:17-69
26-->src/main/AndroidManifest.xml:20:25-66
27
28                <category android:name="android.intent.category.LAUNCHER" />
28-->src/main/AndroidManifest.xml:22:17-77
28-->src/main/AndroidManifest.xml:22:27-74
29            </intent-filter>
30        </activity>
31        <activity
31-->src/main/AndroidManifest.xml:25:9-28:20
32            android:name="com.warren.wkrcontacts.SelectGroups"
32-->src/main/AndroidManifest.xml:26:13-41
33            android:label="@string/title_activity_select_groups" >
33-->src/main/AndroidManifest.xml:27:13-65
34        </activity>
35    </application>
36
37</manifest>